<?xml version="1.0" encoding="utf-8"?><testsuites name="pytest tests"><testsuite name="pytest" errors="0" failures="1" skipped="0" tests="15" time="3.188" timestamp="2026-01-22T19:47:15.383961+00:00" hostname="agent-env-970d1997-84f3-4154-ade6-aa5956ca3083"><testcase classname="tests.test_core_engine_pillars.TestAuth" name="test_login_success" time="0.299" /><testcase classname="tests.test_core_engine_pillars.TestPhysicsEngine" name="test_kg_to_sqm_conversion" time="0.310" /><testcase classname="tests.test_core_engine_pillars.TestPhysicsEngine" name="test_sqm_to_kg_conversion" time="0.047" /><testcase classname="tests.test_core_engine_pillars.TestPhysicsEngine" name="test_pcs_to_kg_conversion" time="0.053" /><testcase classname="tests.test_core_engine_pillars.TestPhysicsEngine" name="test_mtr_to_sqm_conversion" time="0.040" /><testcase classname="tests.test_core_engine_pillars.TestProductionRedline" name="test_redline_check_within_limit" time="0.421" /><testcase classname="tests.test_core_engine_pillars.TestProductionRedline" name="test_redline_check_exceeds_limit" time="0.046" /><testcase classname="tests.test_core_engine_pillars.TestBuyingDNA" name="test_get_late_customers" time="0.304"><failure message="AssertionError: assert False&#10; +  where False = isinstance({'customer_id': 'late-customers', 'has_pattern': False, 'message': 'Not enough order history to analyze'}, list)">tests/test_core_engine_pillars.py:225: in test_get_late_customers
    assert isinstance(data, list)
E   AssertionError: assert False
E    +  where False = isinstance({'customer_id': 'late-customers', 'has_pattern': False, 'message': 'Not enough order history to analyze'}, list)</failure></testcase><testcase classname="tests.test_core_engine_pillars.TestBuyingDNA" name="test_get_buying_dna_for_customer" time="0.086" /><testcase classname="tests.test_core_engine_pillars.TestGSTBridge" name="test_gst_bridge_summary" time="0.356" /><testcase classname="tests.test_core_engine_pillars.TestImportBridge" name="test_landed_cost_calculation" time="0.309" /><testcase classname="tests.test_core_engine_pillars.TestImportBridge" name="test_landed_cost_with_different_quantities" time="0.045" /><testcase classname="tests.test_core_engine_pillars.TestDirectorCockpit" name="test_director_pulse" time="0.315" /><testcase classname="tests.test_core_engine_pillars.TestDirectorCockpit" name="test_pending_overrides" time="0.045" /><testcase classname="tests.test_core_engine_pillars.TestCustomization" name="test_get_custom_fields" time="0.300" /></testsuite></testsuites>