<?xml version="1.0" encoding="utf-8"?><testsuites name="pytest tests"><testsuite name="pytest" errors="0" failures="1" skipped="3" tests="30" time="1.946" timestamp="2026-01-04T20:44:56.310130+00:00" hostname="agent-env-bee171c9-be56-4b5e-ba9c-7e915644a2fc"><testcase classname="tests.test_inventory_procurement.TestAuth" name="test_login_success" time="0.279" /><testcase classname="tests.test_inventory_procurement.TestInventoryStats" name="test_get_inventory_stats" time="0.302" /><testcase classname="tests.test_inventory_procurement.TestItems" name="test_create_item" time="0.060" /><testcase classname="tests.test_inventory_procurement.TestItems" name="test_get_items_list" time="0.053" /><testcase classname="tests.test_inventory_procurement.TestItems" name="test_get_items_with_filters" time="0.033" /><testcase classname="tests.test_inventory_procurement.TestItems" name="test_get_single_item" time="0.034" /><testcase classname="tests.test_inventory_procurement.TestItems" name="test_update_item" time="0.079" /><testcase classname="tests.test_inventory_procurement.TestItems" name="test_delete_item" time="0.036" /><testcase classname="tests.test_inventory_procurement.TestWarehouses" name="test_create_warehouse" time="0.087" /><testcase classname="tests.test_inventory_procurement.TestWarehouses" name="test_get_warehouses_list" time="0.038" /><testcase classname="tests.test_inventory_procurement.TestWarehouses" name="test_get_single_warehouse" time="0.034" /><testcase classname="tests.test_inventory_procurement.TestStockBalance" name="test_get_stock_balance" time="0.037" /><testcase classname="tests.test_inventory_procurement.TestStockBalance" name="test_get_low_stock_items" time="0.034" /><testcase classname="tests.test_inventory_procurement.TestStockTransfers" name="test_get_transfers_list" time="0.040" /><testcase classname="tests.test_inventory_procurement.TestStockTransfers" name="test_get_transfers_by_status" time="0.034" /><testcase classname="tests.test_inventory_procurement.TestProcurementStats" name="test_get_procurement_stats" time="0.035" /><testcase classname="tests.test_inventory_procurement.TestSuppliers" name="test_create_supplier" time="0.045" /><testcase classname="tests.test_inventory_procurement.TestSuppliers" name="test_get_suppliers_list" time="0.038" /><testcase classname="tests.test_inventory_procurement.TestSuppliers" name="test_get_suppliers_with_filters" time="0.034" /><testcase classname="tests.test_inventory_procurement.TestSuppliers" name="test_get_single_supplier" time="0.033" /><testcase classname="tests.test_inventory_procurement.TestSuppliers" name="test_update_supplier" time="0.070" /><testcase classname="tests.test_inventory_procurement.TestSuppliers" name="test_delete_supplier" time="0.076" /><testcase classname="tests.test_inventory_procurement.TestPurchaseOrders" name="test_create_purchase_order" time="0.131"><skipped type="pytest.skip" message="Setup data not available">/app/tests/test_inventory_procurement.py:491: Setup data not available</skipped></testcase><testcase classname="tests.test_inventory_procurement.TestPurchaseOrders" name="test_get_purchase_orders_list" time="0.033" /><testcase classname="tests.test_inventory_procurement.TestPurchaseOrders" name="test_get_purchase_orders_by_status" time="0.036" /><testcase classname="tests.test_inventory_procurement.TestPurchaseOrders" name="test_get_single_purchase_order" time="0.000"><skipped type="pytest.skip" message="No PO created to test">/app/tests/test_inventory_procurement.py:547: No PO created to test</skipped></testcase><testcase classname="tests.test_inventory_procurement.TestPurchaseOrders" name="test_update_po_status" time="0.000"><skipped type="pytest.skip" message="No PO created to test">/app/tests/test_inventory_procurement.py:559: No PO created to test</skipped></testcase><testcase classname="tests.test_inventory_procurement.TestGRN" name="test_get_grn_list" time="0.035" /><testcase classname="tests.test_inventory_procurement.TestGRN" name="test_get_grn_by_status" time="0.037" /><testcase classname="tests.test_inventory_procurement.TestInventoryProcurementIntegration" name="test_full_procurement_flow" time="0.039"><failure message="AssertionError: Failed to create supplier: Internal Server Error&#10;assert 520 == 200&#10; +  where 520 = &lt;Response [520]&gt;.status_code">tests/test_inventory_procurement.py:616: in test_full_procurement_flow
    assert supplier_res.status_code == 200, f"Failed to create supplier: {supplier_res.text}"
E   AssertionError: Failed to create supplier: Internal Server Error
E   assert 520 == 200
E    +  where 520 = &lt;Response [520]&gt;.status_code</failure></testcase></testsuite></testsuites>