<?xml version="1.0" encoding="utf-8"?><testsuites name="pytest tests"><testsuite name="pytest" errors="0" failures="3" skipped="0" tests="25" time="3.488" timestamp="2026-01-08T20:16:12.960417+00:00" hostname="agent-env-970d1997-84f3-4154-ade6-aa5956ca3083"><testcase classname="tests.test_new_modules.TestAuth" name="test_login_success" time="0.327" /><testcase classname="tests.test_new_modules.TestHRMSEnhanced" name="test_get_leave_types" time="0.355" /><testcase classname="tests.test_new_modules.TestHRMSEnhanced" name="test_get_holidays_2025" time="0.040" /><testcase classname="tests.test_new_modules.TestHRMSEnhanced" name="test_get_statutory_config" time="0.054" /><testcase classname="tests.test_new_modules.TestHRMSEnhanced" name="test_get_attendance" time="0.042"><failure message="AssertionError: ObjectId found in response&#10;assert '_id' not in '[{&quot;id&quot;:&quot;5ff...275+00:00&quot;}]'&#10;  &#10;  '_id' is contained here:&#10;    [{&quot;id&quot;:&quot;5ff5f970-58fc-4a7a-bbea-8458e3d80ebb&quot;,&quot;employee_id&quot;:&quot;8ada6c26-51cf-4cd6-93ec-be04b71a12f5&quot;,&quot;date&quot;:&quot;2026-01-05&quot;,&quot;check_in&quot;:&quot;08:30:00&quot;,&quot;check_out&quot;:&quot;17:15:00&quot;,&quot;status&quot;:&quot;present&quot;,&quot;hours_worked&quot;:8.75,&quot;created_at&quot;:&quot;2026-01-05T18:58:56.182275+00:00&quot;}]&#10;  ?                                                        +++">tests/test_new_modules.py:104: in test_get_attendance
    assert "_id" not in response.text, "ObjectId found in response"
E   AssertionError: ObjectId found in response
E   assert '_id' not in '[{"id":"5ff...275+00:00"}]'
E     
E     '_id' is contained here:
E       [{"id":"5ff5f970-58fc-4a7a-bbea-8458e3d80ebb","employee_id":"8ada6c26-51cf-4cd6-93ec-be04b71a12f5","date":"2026-01-05","check_in":"08:30:00","check_out":"17:15:00","status":"present","hours_worked":8.75,"created_at":"2026-01-05T18:58:56.182275+00:00"}]
E     ?                                                        +++</failure></testcase><testcase classname="tests.test_new_modules.TestHRMSEnhanced" name="test_get_loans" time="0.102" /><testcase classname="tests.test_new_modules.TestHRMSEnhanced" name="test_get_leave_applications" time="0.039" /><testcase classname="tests.test_new_modules.TestAnalytics" name="test_dashboard_kpis" time="0.302" /><testcase classname="tests.test_new_modules.TestAnalytics" name="test_sales_summary" time="0.045" /><testcase classname="tests.test_new_modules.TestAnalytics" name="test_sales_top_products" time="0.041" /><testcase classname="tests.test_new_modules.TestAnalytics" name="test_inventory_summary" time="0.041" /><testcase classname="tests.test_new_modules.TestAnalytics" name="test_financial_profit_loss" time="0.037" /><testcase classname="tests.test_new_modules.TestGSTCompliance" name="test_gstr1_report" time="0.309" /><testcase classname="tests.test_new_modules.TestGSTCompliance" name="test_gstr3b_report" time="0.048" /><testcase classname="tests.test_new_modules.TestGSTCompliance" name="test_itc_summary" time="0.040" /><testcase classname="tests.test_new_modules.TestGSTCompliance" name="test_eway_bills_list" time="0.041" /><testcase classname="tests.test_new_modules.TestInventoryAdvanced" name="test_batches_list" time="0.344" /><testcase classname="tests.test_new_modules.TestInventoryAdvanced" name="test_bin_locations_list" time="0.048" /><testcase classname="tests.test_new_modules.TestInventoryAdvanced" name="test_reorder_alerts" time="0.059" /><testcase classname="tests.test_new_modules.TestNotifications" name="test_notifications_list" time="0.322" /><testcase classname="tests.test_new_modules.TestNotifications" name="test_notifications_count" time="0.046" /><testcase classname="tests.test_new_modules.TestNotifications" name="test_generate_alerts" time="0.053" /><testcase classname="tests.test_new_modules.TestPOSTEndpoints" name="test_create_leave_type" time="0.315" /><testcase classname="tests.test_new_modules.TestPOSTEndpoints" name="test_create_notification" time="0.094"><failure message="AssertionError: ObjectId found in response&#10;assert '_id' not in '{&quot;id&quot;:&quot;9970...9241+00:00&quot;}'&#10;  &#10;  '_id' is contained here:&#10;    {&quot;id&quot;:&quot;9970580b-29de-4015-af0a-8611e0079589&quot;,&quot;title&quot;:&quot;Test Notification&quot;,&quot;message&quot;:&quot;This is a test notification for ObjectId verification&quot;,&quot;type&quot;:&quot;system&quot;,&quot;priority&quot;:&quot;normal&quot;,&quot;target_user_id&quot;:null,&quot;reference_type&quot;:null,&quot;reference_id&quot;:null,&quot;action_url&quot;:null,&quot;is_read&quot;:false,&quot;read_at&quot;:null,&quot;created_by&quot;:&quot;8ce9378d-4363-4f30-96dd-c0a511a330d3&quot;,&quot;created_at&quot;:&quot;2026-01-08T20:16:16.279241+00:00&quot;}&#10;  ?                                                                                                                                                                                            +++">tests/test_new_modules.py:411: in test_create_notification
    assert "_id" not in response.text, "ObjectId found in response"
E   AssertionError: ObjectId found in response
E   assert '_id' not in '{"id":"9970...9241+00:00"}'
E     
E     '_id' is contained here:
E       {"id":"9970580b-29de-4015-af0a-8611e0079589","title":"Test Notification","message":"This is a test notification for ObjectId verification","type":"system","priority":"normal","target_user_id":null,"reference_type":null,"reference_id":null,"action_url":null,"is_read":false,"read_at":null,"created_by":"8ce9378d-4363-4f30-96dd-c0a511a330d3","created_at":"2026-01-08T20:16:16.279241+00:00"}
E     ?                                                                                                                                                                                            +++</failure></testcase><testcase classname="tests.test_new_modules.TestPOSTEndpoints" name="test_create_bin_location" time="0.097"><failure message="AssertionError: ObjectId found in response&#10;assert '_id' not in '{&quot;id&quot;:&quot;be7f...5834+00:00&quot;}'&#10;  &#10;  '_id' is contained here:&#10;    {&quot;id&quot;:&quot;be7fcad1-a4e6-4305-8483-bbd8854c6685&quot;,&quot;warehouse_id&quot;:&quot;592746cc-f3cf-489e-9569-c9f1ffa52af7&quot;,&quot;bin_code&quot;:&quot;T201616-01-01&quot;,&quot;aisle&quot;:&quot;T201616&quot;,&quot;rack&quot;:&quot;01&quot;,&quot;shelf&quot;:&quot;01&quot;,&quot;bin_type&quot;:&quot;picking&quot;,&quot;max_capacity&quot;:100.0,&quot;current_capacity&quot;:0,&quot;item_id&quot;:null,&quot;is_active&quot;:true,&quot;created_at&quot;:&quot;2026-01-08T20:16:16.425834+00:00&quot;}&#10;  ?                                                        +++">tests/test_new_modules.py:438: in test_create_bin_location
    assert "_id" not in response.text, "ObjectId found in response"
E   AssertionError: ObjectId found in response
E   assert '_id' not in '{"id":"be7f...5834+00:00"}'
E     
E     '_id' is contained here:
E       {"id":"be7fcad1-a4e6-4305-8483-bbd8854c6685","warehouse_id":"592746cc-f3cf-489e-9569-c9f1ffa52af7","bin_code":"T201616-01-01","aisle":"T201616","rack":"01","shelf":"01","bin_type":"picking","max_capacity":100.0,"current_capacity":0,"item_id":null,"is_active":true,"created_at":"2026-01-08T20:16:16.425834+00:00"}
E     ?                                                        +++</failure></testcase></testsuite></testsuites>