<?xml version="1.0" encoding="utf-8"?><testsuites name="pytest tests"><testsuite name="pytest" errors="0" failures="20" skipped="10" tests="30" time="1.774" timestamp="2026-01-04T20:44:38.833430+00:00" hostname="agent-env-bee171c9-be56-4b5e-ba9c-7e915644a2fc"><testcase classname="tests.test_inventory_procurement.TestAuth" name="test_login_success" time="0.297"><failure message="AssertionError: No access_token in response&#10;assert 'access_token' in {'token': 'eyJhbGciOiJIUzI1NiIsInR5cCI6IkpXVCJ9.eyJ1c2VyX2lkIjoiYjUzMDIzZDMtYWFhNi00MDkxLTlmYWUtZTk3ZWY1ODUyYTJkIiwiZXhwIjoxNzY4MTY0Mjc5fQ.ax0utiI3xqtlJEoSNmuuLzqj8SMWiIfAYGu67y8HSiw', 'user': {'email': 'admin@adhesiveflow.com', 'id': 'b53023d3-aaa6-4091-9fae-e97ef5852a2d', 'name': 'System Administrator', 'role': 'admin'}}">tests/test_inventory_procurement.py:36: in test_login_success
    assert "access_token" in data, "No access_token in response"
E   AssertionError: No access_token in response
E   assert 'access_token' in {'token': 'eyJhbGciOiJIUzI1NiIsInR5cCI6IkpXVCJ9.eyJ1c2VyX2lkIjoiYjUzMDIzZDMtYWFhNi00MDkxLTlmYWUtZTk3ZWY1ODUyYTJkIiwiZXhwIjoxNzY4MTY0Mjc5fQ.ax0utiI3xqtlJEoSNmuuLzqj8SMWiIfAYGu67y8HSiw', 'user': {'email': 'admin@adhesiveflow.com', 'id': 'b53023d3-aaa6-4091-9fae-e97ef5852a2d', 'name': 'System Administrator', 'role': 'admin'}}</failure></testcase><testcase classname="tests.test_inventory_procurement.TestInventoryStats" name="test_get_inventory_stats" time="0.297"><failure message="AssertionError: Failed to get inventory stats: {&quot;detail&quot;:&quot;Invalid token&quot;}&#10;assert 401 == 200&#10; +  where 401 = &lt;Response [401]&gt;.status_code">tests/test_inventory_procurement.py:71: in test_get_inventory_stats
    assert response.status_code == 200, f"Failed to get inventory stats: {response.text}"
E   AssertionError: Failed to get inventory stats: {"detail":"Invalid token"}
E   assert 401 == 200
E    +  where 401 = &lt;Response [401]&gt;.status_code</failure></testcase><testcase classname="tests.test_inventory_procurement.TestItems" name="test_create_item" time="0.034"><failure message="AssertionError: Failed to create item: {&quot;detail&quot;:&quot;Invalid token&quot;}&#10;assert 401 == 200&#10; +  where 401 = &lt;Response [401]&gt;.status_code">tests/test_inventory_procurement.py:118: in test_create_item
    assert response.status_code == 200, f"Failed to create item: {response.text}"
E   AssertionError: Failed to create item: {"detail":"Invalid token"}
E   assert 401 == 200
E    +  where 401 = &lt;Response [401]&gt;.status_code</failure></testcase><testcase classname="tests.test_inventory_procurement.TestItems" name="test_get_items_list" time="0.035"><failure message="AssertionError: Failed to get items: {&quot;detail&quot;:&quot;Invalid token&quot;}&#10;assert 401 == 200&#10; +  where 401 = &lt;Response [401]&gt;.status_code">tests/test_inventory_procurement.py:134: in test_get_items_list
    assert response.status_code == 200, f"Failed to get items: {response.text}"
E   AssertionError: Failed to get items: {"detail":"Invalid token"}
E   assert 401 == 200
E    +  where 401 = &lt;Response [401]&gt;.status_code</failure></testcase><testcase classname="tests.test_inventory_procurement.TestItems" name="test_get_items_with_filters" time="0.045"><failure message="AssertionError: Failed to get filtered items: {&quot;detail&quot;:&quot;Invalid token&quot;}&#10;assert 401 == 200&#10; +  where 401 = &lt;Response [401]&gt;.status_code">tests/test_inventory_procurement.py:143: in test_get_items_with_filters
    assert response.status_code == 200, f"Failed to get filtered items: {response.text}"
E   AssertionError: Failed to get filtered items: {"detail":"Invalid token"}
E   assert 401 == 200
E    +  where 401 = &lt;Response [401]&gt;.status_code</failure></testcase><testcase classname="tests.test_inventory_procurement.TestItems" name="test_get_single_item" time="0.000"><skipped type="pytest.skip" message="No item created to test">/app/tests/test_inventory_procurement.py:153: No item created to test</skipped></testcase><testcase classname="tests.test_inventory_procurement.TestItems" name="test_update_item" time="0.000"><skipped type="pytest.skip" message="No item created to test">/app/tests/test_inventory_procurement.py:165: No item created to test</skipped></testcase><testcase classname="tests.test_inventory_procurement.TestItems" name="test_delete_item" time="0.000"><skipped type="pytest.skip" message="No item created to test">/app/tests/test_inventory_procurement.py:195: No item created to test</skipped></testcase><testcase classname="tests.test_inventory_procurement.TestWarehouses" name="test_create_warehouse" time="0.036"><failure message="AssertionError: Failed to create warehouse: {&quot;detail&quot;:&quot;Invalid token&quot;}&#10;assert 401 == 200&#10; +  where 401 = &lt;Response [401]&gt;.status_code">tests/test_inventory_procurement.py:229: in test_create_warehouse
    assert response.status_code == 200, f"Failed to create warehouse: {response.text}"
E   AssertionError: Failed to create warehouse: {"detail":"Invalid token"}
E   assert 401 == 200
E    +  where 401 = &lt;Response [401]&gt;.status_code</failure></testcase><testcase classname="tests.test_inventory_procurement.TestWarehouses" name="test_get_warehouses_list" time="0.042"><failure message="AssertionError: Failed to get warehouses: {&quot;detail&quot;:&quot;Invalid token&quot;}&#10;assert 401 == 200&#10; +  where 401 = &lt;Response [401]&gt;.status_code">tests/test_inventory_procurement.py:243: in test_get_warehouses_list
    assert response.status_code == 200, f"Failed to get warehouses: {response.text}"
E   AssertionError: Failed to get warehouses: {"detail":"Invalid token"}
E   assert 401 == 200
E    +  where 401 = &lt;Response [401]&gt;.status_code</failure></testcase><testcase classname="tests.test_inventory_procurement.TestWarehouses" name="test_get_single_warehouse" time="0.000"><skipped type="pytest.skip" message="No warehouse created to test">/app/tests/test_inventory_procurement.py:252: No warehouse created to test</skipped></testcase><testcase classname="tests.test_inventory_procurement.TestStockBalance" name="test_get_stock_balance" time="0.035"><failure message="AssertionError: Failed to get stock balance: {&quot;detail&quot;:&quot;Invalid token&quot;}&#10;assert 401 == 200&#10; +  where 401 = &lt;Response [401]&gt;.status_code">tests/test_inventory_procurement.py:268: in test_get_stock_balance
    assert response.status_code == 200, f"Failed to get stock balance: {response.text}"
E   AssertionError: Failed to get stock balance: {"detail":"Invalid token"}
E   assert 401 == 200
E    +  where 401 = &lt;Response [401]&gt;.status_code</failure></testcase><testcase classname="tests.test_inventory_procurement.TestStockBalance" name="test_get_low_stock_items" time="0.034"><failure message="AssertionError: Failed to get low stock items: {&quot;detail&quot;:&quot;Invalid token&quot;}&#10;assert 401 == 200&#10; +  where 401 = &lt;Response [401]&gt;.status_code">tests/test_inventory_procurement.py:277: in test_get_low_stock_items
    assert response.status_code == 200, f"Failed to get low stock items: {response.text}"
E   AssertionError: Failed to get low stock items: {"detail":"Invalid token"}
E   assert 401 == 200
E    +  where 401 = &lt;Response [401]&gt;.status_code</failure></testcase><testcase classname="tests.test_inventory_procurement.TestStockTransfers" name="test_get_transfers_list" time="0.036"><failure message="AssertionError: Failed to get transfers: {&quot;detail&quot;:&quot;Invalid token&quot;}&#10;assert 401 == 200&#10; +  where 401 = &lt;Response [401]&gt;.status_code">tests/test_inventory_procurement.py:290: in test_get_transfers_list
    assert response.status_code == 200, f"Failed to get transfers: {response.text}"
E   AssertionError: Failed to get transfers: {"detail":"Invalid token"}
E   assert 401 == 200
E    +  where 401 = &lt;Response [401]&gt;.status_code</failure></testcase><testcase classname="tests.test_inventory_procurement.TestStockTransfers" name="test_get_transfers_by_status" time="0.034"><failure message="AssertionError: Failed to get draft transfers: {&quot;detail&quot;:&quot;Invalid token&quot;}&#10;assert 401 == 200&#10; +  where 401 = &lt;Response [401]&gt;.status_code">tests/test_inventory_procurement.py:299: in test_get_transfers_by_status
    assert response.status_code == 200, f"Failed to get draft transfers: {response.text}"
E   AssertionError: Failed to get draft transfers: {"detail":"Invalid token"}
E   assert 401 == 200
E    +  where 401 = &lt;Response [401]&gt;.status_code</failure></testcase><testcase classname="tests.test_inventory_procurement.TestProcurementStats" name="test_get_procurement_stats" time="0.036"><failure message="AssertionError: Failed to get procurement stats: {&quot;detail&quot;:&quot;Invalid token&quot;}&#10;assert 401 == 200&#10; +  where 401 = &lt;Response [401]&gt;.status_code">tests/test_inventory_procurement.py:315: in test_get_procurement_stats
    assert response.status_code == 200, f"Failed to get procurement stats: {response.text}"
E   AssertionError: Failed to get procurement stats: {"detail":"Invalid token"}
E   assert 401 == 200
E    +  where 401 = &lt;Response [401]&gt;.status_code</failure></testcase><testcase classname="tests.test_inventory_procurement.TestSuppliers" name="test_create_supplier" time="0.032"><failure message="AssertionError: Failed to create supplier: {&quot;detail&quot;:&quot;Invalid token&quot;}&#10;assert 401 == 200&#10; +  where 401 = &lt;Response [401]&gt;.status_code">tests/test_inventory_procurement.py:354: in test_create_supplier
    assert response.status_code == 200, f"Failed to create supplier: {response.text}"
E   AssertionError: Failed to create supplier: {"detail":"Invalid token"}
E   assert 401 == 200
E    +  where 401 = &lt;Response [401]&gt;.status_code</failure></testcase><testcase classname="tests.test_inventory_procurement.TestSuppliers" name="test_get_suppliers_list" time="0.034"><failure message="AssertionError: Failed to get suppliers: {&quot;detail&quot;:&quot;Invalid token&quot;}&#10;assert 401 == 200&#10; +  where 401 = &lt;Response [401]&gt;.status_code">tests/test_inventory_procurement.py:368: in test_get_suppliers_list
    assert response.status_code == 200, f"Failed to get suppliers: {response.text}"
E   AssertionError: Failed to get suppliers: {"detail":"Invalid token"}
E   assert 401 == 200
E    +  where 401 = &lt;Response [401]&gt;.status_code</failure></testcase><testcase classname="tests.test_inventory_procurement.TestSuppliers" name="test_get_suppliers_with_filters" time="0.033"><failure message="AssertionError: Failed to get filtered suppliers: {&quot;detail&quot;:&quot;Invalid token&quot;}&#10;assert 401 == 200&#10; +  where 401 = &lt;Response [401]&gt;.status_code">tests/test_inventory_procurement.py:377: in test_get_suppliers_with_filters
    assert response.status_code == 200, f"Failed to get filtered suppliers: {response.text}"
E   AssertionError: Failed to get filtered suppliers: {"detail":"Invalid token"}
E   assert 401 == 200
E    +  where 401 = &lt;Response [401]&gt;.status_code</failure></testcase><testcase classname="tests.test_inventory_procurement.TestSuppliers" name="test_get_single_supplier" time="0.000"><skipped type="pytest.skip" message="No supplier created to test">/app/tests/test_inventory_procurement.py:387: No supplier created to test</skipped></testcase><testcase classname="tests.test_inventory_procurement.TestSuppliers" name="test_update_supplier" time="0.000"><skipped type="pytest.skip" message="No supplier created to test">/app/tests/test_inventory_procurement.py:399: No supplier created to test</skipped></testcase><testcase classname="tests.test_inventory_procurement.TestSuppliers" name="test_delete_supplier" time="0.000"><skipped type="pytest.skip" message="No supplier created to test">/app/tests/test_inventory_procurement.py:428: No supplier created to test</skipped></testcase><testcase classname="tests.test_inventory_procurement.TestPurchaseOrders" name="test_create_purchase_order" time="0.107"><skipped type="pytest.skip" message="Setup data not available">/app/tests/test_inventory_procurement.py:491: Setup data not available</skipped></testcase><testcase classname="tests.test_inventory_procurement.TestPurchaseOrders" name="test_get_purchase_orders_list" time="0.038"><failure message="AssertionError: Failed to get POs: {&quot;detail&quot;:&quot;Invalid token&quot;}&#10;assert 401 == 200&#10; +  where 401 = &lt;Response [401]&gt;.status_code">tests/test_inventory_procurement.py:528: in test_get_purchase_orders_list
    assert response.status_code == 200, f"Failed to get POs: {response.text}"
E   AssertionError: Failed to get POs: {"detail":"Invalid token"}
E   assert 401 == 200
E    +  where 401 = &lt;Response [401]&gt;.status_code</failure></testcase><testcase classname="tests.test_inventory_procurement.TestPurchaseOrders" name="test_get_purchase_orders_by_status" time="0.045"><failure message="AssertionError: Failed to get draft POs: {&quot;detail&quot;:&quot;Invalid token&quot;}&#10;assert 401 == 200&#10; +  where 401 = &lt;Response [401]&gt;.status_code">tests/test_inventory_procurement.py:537: in test_get_purchase_orders_by_status
    assert response.status_code == 200, f"Failed to get draft POs: {response.text}"
E   AssertionError: Failed to get draft POs: {"detail":"Invalid token"}
E   assert 401 == 200
E    +  where 401 = &lt;Response [401]&gt;.status_code</failure></testcase><testcase classname="tests.test_inventory_procurement.TestPurchaseOrders" name="test_get_single_purchase_order" time="0.000"><skipped type="pytest.skip" message="No PO created to test">/app/tests/test_inventory_procurement.py:547: No PO created to test</skipped></testcase><testcase classname="tests.test_inventory_procurement.TestPurchaseOrders" name="test_update_po_status" time="0.000"><skipped type="pytest.skip" message="No PO created to test">/app/tests/test_inventory_procurement.py:559: No PO created to test</skipped></testcase><testcase classname="tests.test_inventory_procurement.TestGRN" name="test_get_grn_list" time="0.035"><failure message="AssertionError: Failed to get GRNs: {&quot;detail&quot;:&quot;Invalid token&quot;}&#10;assert 401 == 200&#10; +  where 401 = &lt;Response [401]&gt;.status_code">tests/test_inventory_procurement.py:581: in test_get_grn_list
    assert response.status_code == 200, f"Failed to get GRNs: {response.text}"
E   AssertionError: Failed to get GRNs: {"detail":"Invalid token"}
E   assert 401 == 200
E    +  where 401 = &lt;Response [401]&gt;.status_code</failure></testcase><testcase classname="tests.test_inventory_procurement.TestGRN" name="test_get_grn_by_status" time="0.035"><failure message="AssertionError: Failed to get pending GRNs: {&quot;detail&quot;:&quot;Invalid token&quot;}&#10;assert 401 == 200&#10; +  where 401 = &lt;Response [401]&gt;.status_code">tests/test_inventory_procurement.py:590: in test_get_grn_by_status
    assert response.status_code == 200, f"Failed to get pending GRNs: {response.text}"
E   AssertionError: Failed to get pending GRNs: {"detail":"Invalid token"}
E   assert 401 == 200
E    +  where 401 = &lt;Response [401]&gt;.status_code</failure></testcase><testcase classname="tests.test_inventory_procurement.TestInventoryProcurementIntegration" name="test_full_procurement_flow" time="0.039"><failure message="AssertionError: Failed to create supplier: {&quot;detail&quot;:&quot;Invalid token&quot;}&#10;assert 401 == 200&#10; +  where 401 = &lt;Response [401]&gt;.status_code">tests/test_inventory_procurement.py:616: in test_full_procurement_flow
    assert supplier_res.status_code == 200, f"Failed to create supplier: {supplier_res.text}"
E   AssertionError: Failed to create supplier: {"detail":"Invalid token"}
E   assert 401 == 200
E    +  where 401 = &lt;Response [401]&gt;.status_code</failure></testcase></testsuite></testsuites>