<?xml version="1.0" encoding="utf-8"?><testsuites name="pytest tests"><testsuite name="pytest" errors="28" failures="0" skipped="0" tests="36" time="1.970" timestamp="2026-01-23T17:11:56.753304+00:00" hostname="agent-env-ea54e789-a86c-47a1-94ce-8cc855fa9d5e"><testcase classname="backend.tests.test_pdf_communication.TestPDFAllModules" name="test_work_order_pdf_not_found" time="0.292"><error message="failed on setup with &quot;AssertionError: assert 'access_token' in {'token': 'eyJhbGciOiJIUzI1NiIsInR5cCI6IkpXVCJ9.eyJ1c2VyX2lkIjoiOGNlOTM3OGQtNDM2My00ZjMwLTk2ZGQtYzBhNTExYTMzMGQzIiwiZXhwIjoxNzY5NzkzMTE3fQ.Oy1WIW_-Vi1X5V6s8HWrp-IhVhjemH2GKc9ZcMljh3Y', 'user': {'email': 'admin@instabiz.com', 'id': '8ce9378d-4363-4f30-96dd-c0a511a330d3', 'name': 'Admin (Instabiz)', 'role': 'admin'}}&quot;">backend/tests/test_pdf_communication.py:33: in auth_token
    assert "access_token" in data
E   AssertionError: assert 'access_token' in {'token': 'eyJhbGciOiJIUzI1NiIsInR5cCI6IkpXVCJ9.eyJ1c2VyX2lkIjoiOGNlOTM3OGQtNDM2My00ZjMwLTk2ZGQtYzBhNTExYTMzMGQzIiwiZXhwIjoxNzY5NzkzMTE3fQ.Oy1WIW_-Vi1X5V6s8HWrp-IhVhjemH2GKc9ZcMljh3Y', 'user': {'email': 'admin@instabiz.com', 'id': '8ce9378d-4363-4f30-96dd-c0a511a330d3', 'name': 'Admin (Instabiz)', 'role': 'admin'}}</error></testcase><testcase classname="backend.tests.test_pdf_communication.TestPDFAllModules" name="test_work_order_preview_not_found" time="0.000"><error message="failed on setup with &quot;AssertionError: assert 'access_token' in {'token': 'eyJhbGciOiJIUzI1NiIsInR5cCI6IkpXVCJ9.eyJ1c2VyX2lkIjoiOGNlOTM3OGQtNDM2My00ZjMwLTk2ZGQtYzBhNTExYTMzMGQzIiwiZXhwIjoxNzY5NzkzMTE3fQ.Oy1WIW_-Vi1X5V6s8HWrp-IhVhjemH2GKc9ZcMljh3Y', 'user': {'email': 'admin@instabiz.com', 'id': '8ce9378d-4363-4f30-96dd-c0a511a330d3', 'name': 'Admin (Instabiz)', 'role': 'admin'}}&quot;">backend/tests/test_pdf_communication.py:33: in auth_token
    assert "access_token" in data
E   AssertionError: assert 'access_token' in {'token': 'eyJhbGciOiJIUzI1NiIsInR5cCI6IkpXVCJ9.eyJ1c2VyX2lkIjoiOGNlOTM3OGQtNDM2My00ZjMwLTk2ZGQtYzBhNTExYTMzMGQzIiwiZXhwIjoxNzY5NzkzMTE3fQ.Oy1WIW_-Vi1X5V6s8HWrp-IhVhjemH2GKc9ZcMljh3Y', 'user': {'email': 'admin@instabiz.com', 'id': '8ce9378d-4363-4f30-96dd-c0a511a330d3', 'name': 'Admin (Instabiz)', 'role': 'admin'}}</error></testcase><testcase classname="backend.tests.test_pdf_communication.TestPDFAllModules" name="test_work_order_pdf_unauthorized" time="0.043" /><testcase classname="backend.tests.test_pdf_communication.TestPDFAllModules" name="test_delivery_challan_pdf_not_found" time="0.000"><error message="failed on setup with &quot;AssertionError: assert 'access_token' in {'token': 'eyJhbGciOiJIUzI1NiIsInR5cCI6IkpXVCJ9.eyJ1c2VyX2lkIjoiOGNlOTM3OGQtNDM2My00ZjMwLTk2ZGQtYzBhNTExYTMzMGQzIiwiZXhwIjoxNzY5NzkzMTE3fQ.Oy1WIW_-Vi1X5V6s8HWrp-IhVhjemH2GKc9ZcMljh3Y', 'user': {'email': 'admin@instabiz.com', 'id': '8ce9378d-4363-4f30-96dd-c0a511a330d3', 'name': 'Admin (Instabiz)', 'role': 'admin'}}&quot;">backend/tests/test_pdf_communication.py:33: in auth_token
    assert "access_token" in data
E   AssertionError: assert 'access_token' in {'token': 'eyJhbGciOiJIUzI1NiIsInR5cCI6IkpXVCJ9.eyJ1c2VyX2lkIjoiOGNlOTM3OGQtNDM2My00ZjMwLTk2ZGQtYzBhNTExYTMzMGQzIiwiZXhwIjoxNzY5NzkzMTE3fQ.Oy1WIW_-Vi1X5V6s8HWrp-IhVhjemH2GKc9ZcMljh3Y', 'user': {'email': 'admin@instabiz.com', 'id': '8ce9378d-4363-4f30-96dd-c0a511a330d3', 'name': 'Admin (Instabiz)', 'role': 'admin'}}</error></testcase><testcase classname="backend.tests.test_pdf_communication.TestPDFAllModules" name="test_delivery_challan_preview_not_found" time="0.001"><error message="failed on setup with &quot;AssertionError: assert 'access_token' in {'token': 'eyJhbGciOiJIUzI1NiIsInR5cCI6IkpXVCJ9.eyJ1c2VyX2lkIjoiOGNlOTM3OGQtNDM2My00ZjMwLTk2ZGQtYzBhNTExYTMzMGQzIiwiZXhwIjoxNzY5NzkzMTE3fQ.Oy1WIW_-Vi1X5V6s8HWrp-IhVhjemH2GKc9ZcMljh3Y', 'user': {'email': 'admin@instabiz.com', 'id': '8ce9378d-4363-4f30-96dd-c0a511a330d3', 'name': 'Admin (Instabiz)', 'role': 'admin'}}&quot;">backend/tests/test_pdf_communication.py:33: in auth_token
    assert "access_token" in data
E   AssertionError: assert 'access_token' in {'token': 'eyJhbGciOiJIUzI1NiIsInR5cCI6IkpXVCJ9.eyJ1c2VyX2lkIjoiOGNlOTM3OGQtNDM2My00ZjMwLTk2ZGQtYzBhNTExYTMzMGQzIiwiZXhwIjoxNzY5NzkzMTE3fQ.Oy1WIW_-Vi1X5V6s8HWrp-IhVhjemH2GKc9ZcMljh3Y', 'user': {'email': 'admin@instabiz.com', 'id': '8ce9378d-4363-4f30-96dd-c0a511a330d3', 'name': 'Admin (Instabiz)', 'role': 'admin'}}</error></testcase><testcase classname="backend.tests.test_pdf_communication.TestPDFAllModules" name="test_delivery_challan_pdf_unauthorized" time="0.040" /><testcase classname="backend.tests.test_pdf_communication.TestPDFAllModules" name="test_purchase_order_pdf_not_found" time="0.000"><error message="failed on setup with &quot;AssertionError: assert 'access_token' in {'token': 'eyJhbGciOiJIUzI1NiIsInR5cCI6IkpXVCJ9.eyJ1c2VyX2lkIjoiOGNlOTM3OGQtNDM2My00ZjMwLTk2ZGQtYzBhNTExYTMzMGQzIiwiZXhwIjoxNzY5NzkzMTE3fQ.Oy1WIW_-Vi1X5V6s8HWrp-IhVhjemH2GKc9ZcMljh3Y', 'user': {'email': 'admin@instabiz.com', 'id': '8ce9378d-4363-4f30-96dd-c0a511a330d3', 'name': 'Admin (Instabiz)', 'role': 'admin'}}&quot;">backend/tests/test_pdf_communication.py:33: in auth_token
    assert "access_token" in data
E   AssertionError: assert 'access_token' in {'token': 'eyJhbGciOiJIUzI1NiIsInR5cCI6IkpXVCJ9.eyJ1c2VyX2lkIjoiOGNlOTM3OGQtNDM2My00ZjMwLTk2ZGQtYzBhNTExYTMzMGQzIiwiZXhwIjoxNzY5NzkzMTE3fQ.Oy1WIW_-Vi1X5V6s8HWrp-IhVhjemH2GKc9ZcMljh3Y', 'user': {'email': 'admin@instabiz.com', 'id': '8ce9378d-4363-4f30-96dd-c0a511a330d3', 'name': 'Admin (Instabiz)', 'role': 'admin'}}</error></testcase><testcase classname="backend.tests.test_pdf_communication.TestPDFAllModules" name="test_purchase_order_preview_not_found" time="0.000"><error message="failed on setup with &quot;AssertionError: assert 'access_token' in {'token': 'eyJhbGciOiJIUzI1NiIsInR5cCI6IkpXVCJ9.eyJ1c2VyX2lkIjoiOGNlOTM3OGQtNDM2My00ZjMwLTk2ZGQtYzBhNTExYTMzMGQzIiwiZXhwIjoxNzY5NzkzMTE3fQ.Oy1WIW_-Vi1X5V6s8HWrp-IhVhjemH2GKc9ZcMljh3Y', 'user': {'email': 'admin@instabiz.com', 'id': '8ce9378d-4363-4f30-96dd-c0a511a330d3', 'name': 'Admin (Instabiz)', 'role': 'admin'}}&quot;">backend/tests/test_pdf_communication.py:33: in auth_token
    assert "access_token" in data
E   AssertionError: assert 'access_token' in {'token': 'eyJhbGciOiJIUzI1NiIsInR5cCI6IkpXVCJ9.eyJ1c2VyX2lkIjoiOGNlOTM3OGQtNDM2My00ZjMwLTk2ZGQtYzBhNTExYTMzMGQzIiwiZXhwIjoxNzY5NzkzMTE3fQ.Oy1WIW_-Vi1X5V6s8HWrp-IhVhjemH2GKc9ZcMljh3Y', 'user': {'email': 'admin@instabiz.com', 'id': '8ce9378d-4363-4f30-96dd-c0a511a330d3', 'name': 'Admin (Instabiz)', 'role': 'admin'}}</error></testcase><testcase classname="backend.tests.test_pdf_communication.TestPDFAllModules" name="test_purchase_order_pdf_unauthorized" time="0.036" /><testcase classname="backend.tests.test_pdf_communication.TestPDFAllModules" name="test_sample_pdf_not_found" time="0.000"><error message="failed on setup with &quot;AssertionError: assert 'access_token' in {'token': 'eyJhbGciOiJIUzI1NiIsInR5cCI6IkpXVCJ9.eyJ1c2VyX2lkIjoiOGNlOTM3OGQtNDM2My00ZjMwLTk2ZGQtYzBhNTExYTMzMGQzIiwiZXhwIjoxNzY5NzkzMTE3fQ.Oy1WIW_-Vi1X5V6s8HWrp-IhVhjemH2GKc9ZcMljh3Y', 'user': {'email': 'admin@instabiz.com', 'id': '8ce9378d-4363-4f30-96dd-c0a511a330d3', 'name': 'Admin (Instabiz)', 'role': 'admin'}}&quot;">backend/tests/test_pdf_communication.py:33: in auth_token
    assert "access_token" in data
E   AssertionError: assert 'access_token' in {'token': 'eyJhbGciOiJIUzI1NiIsInR5cCI6IkpXVCJ9.eyJ1c2VyX2lkIjoiOGNlOTM3OGQtNDM2My00ZjMwLTk2ZGQtYzBhNTExYTMzMGQzIiwiZXhwIjoxNzY5NzkzMTE3fQ.Oy1WIW_-Vi1X5V6s8HWrp-IhVhjemH2GKc9ZcMljh3Y', 'user': {'email': 'admin@instabiz.com', 'id': '8ce9378d-4363-4f30-96dd-c0a511a330d3', 'name': 'Admin (Instabiz)', 'role': 'admin'}}</error></testcase><testcase classname="backend.tests.test_pdf_communication.TestPDFAllModules" name="test_sample_preview_not_found" time="0.000"><error message="failed on setup with &quot;AssertionError: assert 'access_token' in {'token': 'eyJhbGciOiJIUzI1NiIsInR5cCI6IkpXVCJ9.eyJ1c2VyX2lkIjoiOGNlOTM3OGQtNDM2My00ZjMwLTk2ZGQtYzBhNTExYTMzMGQzIiwiZXhwIjoxNzY5NzkzMTE3fQ.Oy1WIW_-Vi1X5V6s8HWrp-IhVhjemH2GKc9ZcMljh3Y', 'user': {'email': 'admin@instabiz.com', 'id': '8ce9378d-4363-4f30-96dd-c0a511a330d3', 'name': 'Admin (Instabiz)', 'role': 'admin'}}&quot;">backend/tests/test_pdf_communication.py:33: in auth_token
    assert "access_token" in data
E   AssertionError: assert 'access_token' in {'token': 'eyJhbGciOiJIUzI1NiIsInR5cCI6IkpXVCJ9.eyJ1c2VyX2lkIjoiOGNlOTM3OGQtNDM2My00ZjMwLTk2ZGQtYzBhNTExYTMzMGQzIiwiZXhwIjoxNzY5NzkzMTE3fQ.Oy1WIW_-Vi1X5V6s8HWrp-IhVhjemH2GKc9ZcMljh3Y', 'user': {'email': 'admin@instabiz.com', 'id': '8ce9378d-4363-4f30-96dd-c0a511a330d3', 'name': 'Admin (Instabiz)', 'role': 'admin'}}</error></testcase><testcase classname="backend.tests.test_pdf_communication.TestPDFAllModules" name="test_sample_pdf_unauthorized" time="0.037" /><testcase classname="backend.tests.test_pdf_communication.TestPDFAllModules" name="test_payment_pdf_not_found" time="0.000"><error message="failed on setup with &quot;AssertionError: assert 'access_token' in {'token': 'eyJhbGciOiJIUzI1NiIsInR5cCI6IkpXVCJ9.eyJ1c2VyX2lkIjoiOGNlOTM3OGQtNDM2My00ZjMwLTk2ZGQtYzBhNTExYTMzMGQzIiwiZXhwIjoxNzY5NzkzMTE3fQ.Oy1WIW_-Vi1X5V6s8HWrp-IhVhjemH2GKc9ZcMljh3Y', 'user': {'email': 'admin@instabiz.com', 'id': '8ce9378d-4363-4f30-96dd-c0a511a330d3', 'name': 'Admin (Instabiz)', 'role': 'admin'}}&quot;">backend/tests/test_pdf_communication.py:33: in auth_token
    assert "access_token" in data
E   AssertionError: assert 'access_token' in {'token': 'eyJhbGciOiJIUzI1NiIsInR5cCI6IkpXVCJ9.eyJ1c2VyX2lkIjoiOGNlOTM3OGQtNDM2My00ZjMwLTk2ZGQtYzBhNTExYTMzMGQzIiwiZXhwIjoxNzY5NzkzMTE3fQ.Oy1WIW_-Vi1X5V6s8HWrp-IhVhjemH2GKc9ZcMljh3Y', 'user': {'email': 'admin@instabiz.com', 'id': '8ce9378d-4363-4f30-96dd-c0a511a330d3', 'name': 'Admin (Instabiz)', 'role': 'admin'}}</error></testcase><testcase classname="backend.tests.test_pdf_communication.TestPDFAllModules" name="test_payment_preview_not_found" time="0.000"><error message="failed on setup with &quot;AssertionError: assert 'access_token' in {'token': 'eyJhbGciOiJIUzI1NiIsInR5cCI6IkpXVCJ9.eyJ1c2VyX2lkIjoiOGNlOTM3OGQtNDM2My00ZjMwLTk2ZGQtYzBhNTExYTMzMGQzIiwiZXhwIjoxNzY5NzkzMTE3fQ.Oy1WIW_-Vi1X5V6s8HWrp-IhVhjemH2GKc9ZcMljh3Y', 'user': {'email': 'admin@instabiz.com', 'id': '8ce9378d-4363-4f30-96dd-c0a511a330d3', 'name': 'Admin (Instabiz)', 'role': 'admin'}}&quot;">backend/tests/test_pdf_communication.py:33: in auth_token
    assert "access_token" in data
E   AssertionError: assert 'access_token' in {'token': 'eyJhbGciOiJIUzI1NiIsInR5cCI6IkpXVCJ9.eyJ1c2VyX2lkIjoiOGNlOTM3OGQtNDM2My00ZjMwLTk2ZGQtYzBhNTExYTMzMGQzIiwiZXhwIjoxNzY5NzkzMTE3fQ.Oy1WIW_-Vi1X5V6s8HWrp-IhVhjemH2GKc9ZcMljh3Y', 'user': {'email': 'admin@instabiz.com', 'id': '8ce9378d-4363-4f30-96dd-c0a511a330d3', 'name': 'Admin (Instabiz)', 'role': 'admin'}}</error></testcase><testcase classname="backend.tests.test_pdf_communication.TestPDFAllModules" name="test_payment_pdf_unauthorized" time="0.037" /><testcase classname="backend.tests.test_pdf_communication.TestDocumentCommunication" name="test_email_send_invalid_document_type" time="0.266"><error message="failed on setup with &quot;AssertionError: assert 'access_token' in {'token': 'eyJhbGciOiJIUzI1NiIsInR5cCI6IkpXVCJ9.eyJ1c2VyX2lkIjoiOGNlOTM3OGQtNDM2My00ZjMwLTk2ZGQtYzBhNTExYTMzMGQzIiwiZXhwIjoxNzY5NzkzMTE3fQ.Oy1WIW_-Vi1X5V6s8HWrp-IhVhjemH2GKc9ZcMljh3Y', 'user': {'email': 'admin@instabiz.com', 'id': '8ce9378d-4363-4f30-96dd-c0a511a330d3', 'name': 'Admin (Instabiz)', 'role': 'admin'}}&quot;">backend/tests/test_pdf_communication.py:33: in auth_token
    assert "access_token" in data
E   AssertionError: assert 'access_token' in {'token': 'eyJhbGciOiJIUzI1NiIsInR5cCI6IkpXVCJ9.eyJ1c2VyX2lkIjoiOGNlOTM3OGQtNDM2My00ZjMwLTk2ZGQtYzBhNTExYTMzMGQzIiwiZXhwIjoxNzY5NzkzMTE3fQ.Oy1WIW_-Vi1X5V6s8HWrp-IhVhjemH2GKc9ZcMljh3Y', 'user': {'email': 'admin@instabiz.com', 'id': '8ce9378d-4363-4f30-96dd-c0a511a330d3', 'name': 'Admin (Instabiz)', 'role': 'admin'}}</error></testcase><testcase classname="backend.tests.test_pdf_communication.TestDocumentCommunication" name="test_email_send_document_not_found" time="0.000"><error message="failed on setup with &quot;AssertionError: assert 'access_token' in {'token': 'eyJhbGciOiJIUzI1NiIsInR5cCI6IkpXVCJ9.eyJ1c2VyX2lkIjoiOGNlOTM3OGQtNDM2My00ZjMwLTk2ZGQtYzBhNTExYTMzMGQzIiwiZXhwIjoxNzY5NzkzMTE3fQ.Oy1WIW_-Vi1X5V6s8HWrp-IhVhjemH2GKc9ZcMljh3Y', 'user': {'email': 'admin@instabiz.com', 'id': '8ce9378d-4363-4f30-96dd-c0a511a330d3', 'name': 'Admin (Instabiz)', 'role': 'admin'}}&quot;">backend/tests/test_pdf_communication.py:33: in auth_token
    assert "access_token" in data
E   AssertionError: assert 'access_token' in {'token': 'eyJhbGciOiJIUzI1NiIsInR5cCI6IkpXVCJ9.eyJ1c2VyX2lkIjoiOGNlOTM3OGQtNDM2My00ZjMwLTk2ZGQtYzBhNTExYTMzMGQzIiwiZXhwIjoxNzY5NzkzMTE3fQ.Oy1WIW_-Vi1X5V6s8HWrp-IhVhjemH2GKc9ZcMljh3Y', 'user': {'email': 'admin@instabiz.com', 'id': '8ce9378d-4363-4f30-96dd-c0a511a330d3', 'name': 'Admin (Instabiz)', 'role': 'admin'}}</error></testcase><testcase classname="backend.tests.test_pdf_communication.TestDocumentCommunication" name="test_email_send_unauthorized" time="0.037" /><testcase classname="backend.tests.test_pdf_communication.TestDocumentCommunication" name="test_email_preview_invalid_document_type" time="0.000"><error message="failed on setup with &quot;AssertionError: assert 'access_token' in {'token': 'eyJhbGciOiJIUzI1NiIsInR5cCI6IkpXVCJ9.eyJ1c2VyX2lkIjoiOGNlOTM3OGQtNDM2My00ZjMwLTk2ZGQtYzBhNTExYTMzMGQzIiwiZXhwIjoxNzY5NzkzMTE3fQ.Oy1WIW_-Vi1X5V6s8HWrp-IhVhjemH2GKc9ZcMljh3Y', 'user': {'email': 'admin@instabiz.com', 'id': '8ce9378d-4363-4f30-96dd-c0a511a330d3', 'name': 'Admin (Instabiz)', 'role': 'admin'}}&quot;">backend/tests/test_pdf_communication.py:33: in auth_token
    assert "access_token" in data
E   AssertionError: assert 'access_token' in {'token': 'eyJhbGciOiJIUzI1NiIsInR5cCI6IkpXVCJ9.eyJ1c2VyX2lkIjoiOGNlOTM3OGQtNDM2My00ZjMwLTk2ZGQtYzBhNTExYTMzMGQzIiwiZXhwIjoxNzY5NzkzMTE3fQ.Oy1WIW_-Vi1X5V6s8HWrp-IhVhjemH2GKc9ZcMljh3Y', 'user': {'email': 'admin@instabiz.com', 'id': '8ce9378d-4363-4f30-96dd-c0a511a330d3', 'name': 'Admin (Instabiz)', 'role': 'admin'}}</error></testcase><testcase classname="backend.tests.test_pdf_communication.TestDocumentCommunication" name="test_whatsapp_send_invalid_document_type" time="0.000"><error message="failed on setup with &quot;AssertionError: assert 'access_token' in {'token': 'eyJhbGciOiJIUzI1NiIsInR5cCI6IkpXVCJ9.eyJ1c2VyX2lkIjoiOGNlOTM3OGQtNDM2My00ZjMwLTk2ZGQtYzBhNTExYTMzMGQzIiwiZXhwIjoxNzY5NzkzMTE3fQ.Oy1WIW_-Vi1X5V6s8HWrp-IhVhjemH2GKc9ZcMljh3Y', 'user': {'email': 'admin@instabiz.com', 'id': '8ce9378d-4363-4f30-96dd-c0a511a330d3', 'name': 'Admin (Instabiz)', 'role': 'admin'}}&quot;">backend/tests/test_pdf_communication.py:33: in auth_token
    assert "access_token" in data
E   AssertionError: assert 'access_token' in {'token': 'eyJhbGciOiJIUzI1NiIsInR5cCI6IkpXVCJ9.eyJ1c2VyX2lkIjoiOGNlOTM3OGQtNDM2My00ZjMwLTk2ZGQtYzBhNTExYTMzMGQzIiwiZXhwIjoxNzY5NzkzMTE3fQ.Oy1WIW_-Vi1X5V6s8HWrp-IhVhjemH2GKc9ZcMljh3Y', 'user': {'email': 'admin@instabiz.com', 'id': '8ce9378d-4363-4f30-96dd-c0a511a330d3', 'name': 'Admin (Instabiz)', 'role': 'admin'}}</error></testcase><testcase classname="backend.tests.test_pdf_communication.TestDocumentCommunication" name="test_whatsapp_send_document_not_found" time="0.000"><error message="failed on setup with &quot;AssertionError: assert 'access_token' in {'token': 'eyJhbGciOiJIUzI1NiIsInR5cCI6IkpXVCJ9.eyJ1c2VyX2lkIjoiOGNlOTM3OGQtNDM2My00ZjMwLTk2ZGQtYzBhNTExYTMzMGQzIiwiZXhwIjoxNzY5NzkzMTE3fQ.Oy1WIW_-Vi1X5V6s8HWrp-IhVhjemH2GKc9ZcMljh3Y', 'user': {'email': 'admin@instabiz.com', 'id': '8ce9378d-4363-4f30-96dd-c0a511a330d3', 'name': 'Admin (Instabiz)', 'role': 'admin'}}&quot;">backend/tests/test_pdf_communication.py:33: in auth_token
    assert "access_token" in data
E   AssertionError: assert 'access_token' in {'token': 'eyJhbGciOiJIUzI1NiIsInR5cCI6IkpXVCJ9.eyJ1c2VyX2lkIjoiOGNlOTM3OGQtNDM2My00ZjMwLTk2ZGQtYzBhNTExYTMzMGQzIiwiZXhwIjoxNzY5NzkzMTE3fQ.Oy1WIW_-Vi1X5V6s8HWrp-IhVhjemH2GKc9ZcMljh3Y', 'user': {'email': 'admin@instabiz.com', 'id': '8ce9378d-4363-4f30-96dd-c0a511a330d3', 'name': 'Admin (Instabiz)', 'role': 'admin'}}</error></testcase><testcase classname="backend.tests.test_pdf_communication.TestDocumentCommunication" name="test_whatsapp_send_unauthorized" time="0.039" /><testcase classname="backend.tests.test_pdf_communication.TestDocumentCommunication" name="test_whatsapp_preview_invalid_document_type" time="0.000"><error message="failed on setup with &quot;AssertionError: assert 'access_token' in {'token': 'eyJhbGciOiJIUzI1NiIsInR5cCI6IkpXVCJ9.eyJ1c2VyX2lkIjoiOGNlOTM3OGQtNDM2My00ZjMwLTk2ZGQtYzBhNTExYTMzMGQzIiwiZXhwIjoxNzY5NzkzMTE3fQ.Oy1WIW_-Vi1X5V6s8HWrp-IhVhjemH2GKc9ZcMljh3Y', 'user': {'email': 'admin@instabiz.com', 'id': '8ce9378d-4363-4f30-96dd-c0a511a330d3', 'name': 'Admin (Instabiz)', 'role': 'admin'}}&quot;">backend/tests/test_pdf_communication.py:33: in auth_token
    assert "access_token" in data
E   AssertionError: assert 'access_token' in {'token': 'eyJhbGciOiJIUzI1NiIsInR5cCI6IkpXVCJ9.eyJ1c2VyX2lkIjoiOGNlOTM3OGQtNDM2My00ZjMwLTk2ZGQtYzBhNTExYTMzMGQzIiwiZXhwIjoxNzY5NzkzMTE3fQ.Oy1WIW_-Vi1X5V6s8HWrp-IhVhjemH2GKc9ZcMljh3Y', 'user': {'email': 'admin@instabiz.com', 'id': '8ce9378d-4363-4f30-96dd-c0a511a330d3', 'name': 'Admin (Instabiz)', 'role': 'admin'}}</error></testcase><testcase classname="backend.tests.test_pdf_communication.TestDocumentCommunication" name="test_communication_history_list" time="0.000"><error message="failed on setup with &quot;AssertionError: assert 'access_token' in {'token': 'eyJhbGciOiJIUzI1NiIsInR5cCI6IkpXVCJ9.eyJ1c2VyX2lkIjoiOGNlOTM3OGQtNDM2My00ZjMwLTk2ZGQtYzBhNTExYTMzMGQzIiwiZXhwIjoxNzY5NzkzMTE3fQ.Oy1WIW_-Vi1X5V6s8HWrp-IhVhjemH2GKc9ZcMljh3Y', 'user': {'email': 'admin@instabiz.com', 'id': '8ce9378d-4363-4f30-96dd-c0a511a330d3', 'name': 'Admin (Instabiz)', 'role': 'admin'}}&quot;">backend/tests/test_pdf_communication.py:33: in auth_token
    assert "access_token" in data
E   AssertionError: assert 'access_token' in {'token': 'eyJhbGciOiJIUzI1NiIsInR5cCI6IkpXVCJ9.eyJ1c2VyX2lkIjoiOGNlOTM3OGQtNDM2My00ZjMwLTk2ZGQtYzBhNTExYTMzMGQzIiwiZXhwIjoxNzY5NzkzMTE3fQ.Oy1WIW_-Vi1X5V6s8HWrp-IhVhjemH2GKc9ZcMljh3Y', 'user': {'email': 'admin@instabiz.com', 'id': '8ce9378d-4363-4f30-96dd-c0a511a330d3', 'name': 'Admin (Instabiz)', 'role': 'admin'}}</error></testcase><testcase classname="backend.tests.test_pdf_communication.TestDocumentCommunication" name="test_communication_history_with_filters" time="0.000"><error message="failed on setup with &quot;AssertionError: assert 'access_token' in {'token': 'eyJhbGciOiJIUzI1NiIsInR5cCI6IkpXVCJ9.eyJ1c2VyX2lkIjoiOGNlOTM3OGQtNDM2My00ZjMwLTk2ZGQtYzBhNTExYTMzMGQzIiwiZXhwIjoxNzY5NzkzMTE3fQ.Oy1WIW_-Vi1X5V6s8HWrp-IhVhjemH2GKc9ZcMljh3Y', 'user': {'email': 'admin@instabiz.com', 'id': '8ce9378d-4363-4f30-96dd-c0a511a330d3', 'name': 'Admin (Instabiz)', 'role': 'admin'}}&quot;">backend/tests/test_pdf_communication.py:33: in auth_token
    assert "access_token" in data
E   AssertionError: assert 'access_token' in {'token': 'eyJhbGciOiJIUzI1NiIsInR5cCI6IkpXVCJ9.eyJ1c2VyX2lkIjoiOGNlOTM3OGQtNDM2My00ZjMwLTk2ZGQtYzBhNTExYTMzMGQzIiwiZXhwIjoxNzY5NzkzMTE3fQ.Oy1WIW_-Vi1X5V6s8HWrp-IhVhjemH2GKc9ZcMljh3Y', 'user': {'email': 'admin@instabiz.com', 'id': '8ce9378d-4363-4f30-96dd-c0a511a330d3', 'name': 'Admin (Instabiz)', 'role': 'admin'}}</error></testcase><testcase classname="backend.tests.test_pdf_communication.TestDocumentCommunication" name="test_communication_history_unauthorized" time="0.036" /><testcase classname="backend.tests.test_pdf_communication.TestDocumentCommunication" name="test_document_communication_history" time="0.000"><error message="failed on setup with &quot;AssertionError: assert 'access_token' in {'token': 'eyJhbGciOiJIUzI1NiIsInR5cCI6IkpXVCJ9.eyJ1c2VyX2lkIjoiOGNlOTM3OGQtNDM2My00ZjMwLTk2ZGQtYzBhNTExYTMzMGQzIiwiZXhwIjoxNzY5NzkzMTE3fQ.Oy1WIW_-Vi1X5V6s8HWrp-IhVhjemH2GKc9ZcMljh3Y', 'user': {'email': 'admin@instabiz.com', 'id': '8ce9378d-4363-4f30-96dd-c0a511a330d3', 'name': 'Admin (Instabiz)', 'role': 'admin'}}&quot;">backend/tests/test_pdf_communication.py:33: in auth_token
    assert "access_token" in data
E   AssertionError: assert 'access_token' in {'token': 'eyJhbGciOiJIUzI1NiIsInR5cCI6IkpXVCJ9.eyJ1c2VyX2lkIjoiOGNlOTM3OGQtNDM2My00ZjMwLTk2ZGQtYzBhNTExYTMzMGQzIiwiZXhwIjoxNzY5NzkzMTE3fQ.Oy1WIW_-Vi1X5V6s8HWrp-IhVhjemH2GKc9ZcMljh3Y', 'user': {'email': 'admin@instabiz.com', 'id': '8ce9378d-4363-4f30-96dd-c0a511a330d3', 'name': 'Admin (Instabiz)', 'role': 'admin'}}</error></testcase><testcase classname="backend.tests.test_pdf_communication.TestPDFWithExistingData" name="test_get_existing_invoice_for_pdf" time="0.260"><error message="failed on setup with &quot;AssertionError: assert 'access_token' in {'token': 'eyJhbGciOiJIUzI1NiIsInR5cCI6IkpXVCJ9.eyJ1c2VyX2lkIjoiOGNlOTM3OGQtNDM2My00ZjMwLTk2ZGQtYzBhNTExYTMzMGQzIiwiZXhwIjoxNzY5NzkzMTE4fQ.rtLjs4ggcMx8H3-qUVXcJa8d8L8l64z9uXoenyHHVMk', 'user': {'email': 'admin@instabiz.com', 'id': '8ce9378d-4363-4f30-96dd-c0a511a330d3', 'name': 'Admin (Instabiz)', 'role': 'admin'}}&quot;">backend/tests/test_pdf_communication.py:33: in auth_token
    assert "access_token" in data
E   AssertionError: assert 'access_token' in {'token': 'eyJhbGciOiJIUzI1NiIsInR5cCI6IkpXVCJ9.eyJ1c2VyX2lkIjoiOGNlOTM3OGQtNDM2My00ZjMwLTk2ZGQtYzBhNTExYTMzMGQzIiwiZXhwIjoxNzY5NzkzMTE4fQ.rtLjs4ggcMx8H3-qUVXcJa8d8L8l64z9uXoenyHHVMk', 'user': {'email': 'admin@instabiz.com', 'id': '8ce9378d-4363-4f30-96dd-c0a511a330d3', 'name': 'Admin (Instabiz)', 'role': 'admin'}}</error></testcase><testcase classname="backend.tests.test_pdf_communication.TestPDFWithExistingData" name="test_get_existing_quotation_for_pdf" time="0.000"><error message="failed on setup with &quot;AssertionError: assert 'access_token' in {'token': 'eyJhbGciOiJIUzI1NiIsInR5cCI6IkpXVCJ9.eyJ1c2VyX2lkIjoiOGNlOTM3OGQtNDM2My00ZjMwLTk2ZGQtYzBhNTExYTMzMGQzIiwiZXhwIjoxNzY5NzkzMTE4fQ.rtLjs4ggcMx8H3-qUVXcJa8d8L8l64z9uXoenyHHVMk', 'user': {'email': 'admin@instabiz.com', 'id': '8ce9378d-4363-4f30-96dd-c0a511a330d3', 'name': 'Admin (Instabiz)', 'role': 'admin'}}&quot;">backend/tests/test_pdf_communication.py:33: in auth_token
    assert "access_token" in data
E   AssertionError: assert 'access_token' in {'token': 'eyJhbGciOiJIUzI1NiIsInR5cCI6IkpXVCJ9.eyJ1c2VyX2lkIjoiOGNlOTM3OGQtNDM2My00ZjMwLTk2ZGQtYzBhNTExYTMzMGQzIiwiZXhwIjoxNzY5NzkzMTE4fQ.rtLjs4ggcMx8H3-qUVXcJa8d8L8l64z9uXoenyHHVMk', 'user': {'email': 'admin@instabiz.com', 'id': '8ce9378d-4363-4f30-96dd-c0a511a330d3', 'name': 'Admin (Instabiz)', 'role': 'admin'}}</error></testcase><testcase classname="backend.tests.test_pdf_communication.TestPDFWithExistingData" name="test_get_existing_work_order_for_pdf" time="0.000"><error message="failed on setup with &quot;AssertionError: assert 'access_token' in {'token': 'eyJhbGciOiJIUzI1NiIsInR5cCI6IkpXVCJ9.eyJ1c2VyX2lkIjoiOGNlOTM3OGQtNDM2My00ZjMwLTk2ZGQtYzBhNTExYTMzMGQzIiwiZXhwIjoxNzY5NzkzMTE4fQ.rtLjs4ggcMx8H3-qUVXcJa8d8L8l64z9uXoenyHHVMk', 'user': {'email': 'admin@instabiz.com', 'id': '8ce9378d-4363-4f30-96dd-c0a511a330d3', 'name': 'Admin (Instabiz)', 'role': 'admin'}}&quot;">backend/tests/test_pdf_communication.py:33: in auth_token
    assert "access_token" in data
E   AssertionError: assert 'access_token' in {'token': 'eyJhbGciOiJIUzI1NiIsInR5cCI6IkpXVCJ9.eyJ1c2VyX2lkIjoiOGNlOTM3OGQtNDM2My00ZjMwLTk2ZGQtYzBhNTExYTMzMGQzIiwiZXhwIjoxNzY5NzkzMTE4fQ.rtLjs4ggcMx8H3-qUVXcJa8d8L8l64z9uXoenyHHVMk', 'user': {'email': 'admin@instabiz.com', 'id': '8ce9378d-4363-4f30-96dd-c0a511a330d3', 'name': 'Admin (Instabiz)', 'role': 'admin'}}</error></testcase><testcase classname="backend.tests.test_pdf_communication.TestPDFWithExistingData" name="test_get_existing_purchase_order_for_pdf" time="0.000"><error message="failed on setup with &quot;AssertionError: assert 'access_token' in {'token': 'eyJhbGciOiJIUzI1NiIsInR5cCI6IkpXVCJ9.eyJ1c2VyX2lkIjoiOGNlOTM3OGQtNDM2My00ZjMwLTk2ZGQtYzBhNTExYTMzMGQzIiwiZXhwIjoxNzY5NzkzMTE4fQ.rtLjs4ggcMx8H3-qUVXcJa8d8L8l64z9uXoenyHHVMk', 'user': {'email': 'admin@instabiz.com', 'id': '8ce9378d-4363-4f30-96dd-c0a511a330d3', 'name': 'Admin (Instabiz)', 'role': 'admin'}}&quot;">backend/tests/test_pdf_communication.py:33: in auth_token
    assert "access_token" in data
E   AssertionError: assert 'access_token' in {'token': 'eyJhbGciOiJIUzI1NiIsInR5cCI6IkpXVCJ9.eyJ1c2VyX2lkIjoiOGNlOTM3OGQtNDM2My00ZjMwLTk2ZGQtYzBhNTExYTMzMGQzIiwiZXhwIjoxNzY5NzkzMTE4fQ.rtLjs4ggcMx8H3-qUVXcJa8d8L8l64z9uXoenyHHVMk', 'user': {'email': 'admin@instabiz.com', 'id': '8ce9378d-4363-4f30-96dd-c0a511a330d3', 'name': 'Admin (Instabiz)', 'role': 'admin'}}</error></testcase><testcase classname="backend.tests.test_pdf_communication.TestPDFWithExistingData" name="test_get_existing_payment_for_pdf" time="0.000"><error message="failed on setup with &quot;AssertionError: assert 'access_token' in {'token': 'eyJhbGciOiJIUzI1NiIsInR5cCI6IkpXVCJ9.eyJ1c2VyX2lkIjoiOGNlOTM3OGQtNDM2My00ZjMwLTk2ZGQtYzBhNTExYTMzMGQzIiwiZXhwIjoxNzY5NzkzMTE4fQ.rtLjs4ggcMx8H3-qUVXcJa8d8L8l64z9uXoenyHHVMk', 'user': {'email': 'admin@instabiz.com', 'id': '8ce9378d-4363-4f30-96dd-c0a511a330d3', 'name': 'Admin (Instabiz)', 'role': 'admin'}}&quot;">backend/tests/test_pdf_communication.py:33: in auth_token
    assert "access_token" in data
E   AssertionError: assert 'access_token' in {'token': 'eyJhbGciOiJIUzI1NiIsInR5cCI6IkpXVCJ9.eyJ1c2VyX2lkIjoiOGNlOTM3OGQtNDM2My00ZjMwLTk2ZGQtYzBhNTExYTMzMGQzIiwiZXhwIjoxNzY5NzkzMTE4fQ.rtLjs4ggcMx8H3-qUVXcJa8d8L8l64z9uXoenyHHVMk', 'user': {'email': 'admin@instabiz.com', 'id': '8ce9378d-4363-4f30-96dd-c0a511a330d3', 'name': 'Admin (Instabiz)', 'role': 'admin'}}</error></testcase><testcase classname="backend.tests.test_pdf_communication.TestEmailSendWithExistingData" name="test_email_send_existing_invoice" time="0.263"><error message="failed on setup with &quot;AssertionError: assert 'access_token' in {'token': 'eyJhbGciOiJIUzI1NiIsInR5cCI6IkpXVCJ9.eyJ1c2VyX2lkIjoiOGNlOTM3OGQtNDM2My00ZjMwLTk2ZGQtYzBhNTExYTMzMGQzIiwiZXhwIjoxNzY5NzkzMTE4fQ.rtLjs4ggcMx8H3-qUVXcJa8d8L8l64z9uXoenyHHVMk', 'user': {'email': 'admin@instabiz.com', 'id': '8ce9378d-4363-4f30-96dd-c0a511a330d3', 'name': 'Admin (Instabiz)', 'role': 'admin'}}&quot;">backend/tests/test_pdf_communication.py:33: in auth_token
    assert "access_token" in data
E   AssertionError: assert 'access_token' in {'token': 'eyJhbGciOiJIUzI1NiIsInR5cCI6IkpXVCJ9.eyJ1c2VyX2lkIjoiOGNlOTM3OGQtNDM2My00ZjMwLTk2ZGQtYzBhNTExYTMzMGQzIiwiZXhwIjoxNzY5NzkzMTE4fQ.rtLjs4ggcMx8H3-qUVXcJa8d8L8l64z9uXoenyHHVMk', 'user': {'email': 'admin@instabiz.com', 'id': '8ce9378d-4363-4f30-96dd-c0a511a330d3', 'name': 'Admin (Instabiz)', 'role': 'admin'}}</error></testcase><testcase classname="backend.tests.test_pdf_communication.TestEmailSendWithExistingData" name="test_email_send_existing_quotation" time="0.000"><error message="failed on setup with &quot;AssertionError: assert 'access_token' in {'token': 'eyJhbGciOiJIUzI1NiIsInR5cCI6IkpXVCJ9.eyJ1c2VyX2lkIjoiOGNlOTM3OGQtNDM2My00ZjMwLTk2ZGQtYzBhNTExYTMzMGQzIiwiZXhwIjoxNzY5NzkzMTE4fQ.rtLjs4ggcMx8H3-qUVXcJa8d8L8l64z9uXoenyHHVMk', 'user': {'email': 'admin@instabiz.com', 'id': '8ce9378d-4363-4f30-96dd-c0a511a330d3', 'name': 'Admin (Instabiz)', 'role': 'admin'}}&quot;">backend/tests/test_pdf_communication.py:33: in auth_token
    assert "access_token" in data
E   AssertionError: assert 'access_token' in {'token': 'eyJhbGciOiJIUzI1NiIsInR5cCI6IkpXVCJ9.eyJ1c2VyX2lkIjoiOGNlOTM3OGQtNDM2My00ZjMwLTk2ZGQtYzBhNTExYTMzMGQzIiwiZXhwIjoxNzY5NzkzMTE4fQ.rtLjs4ggcMx8H3-qUVXcJa8d8L8l64z9uXoenyHHVMk', 'user': {'email': 'admin@instabiz.com', 'id': '8ce9378d-4363-4f30-96dd-c0a511a330d3', 'name': 'Admin (Instabiz)', 'role': 'admin'}}</error></testcase><testcase classname="backend.tests.test_pdf_communication.TestWhatsAppSendWithExistingData" name="test_whatsapp_send_existing_invoice" time="0.273"><error message="failed on setup with &quot;AssertionError: assert 'access_token' in {'token': 'eyJhbGciOiJIUzI1NiIsInR5cCI6IkpXVCJ9.eyJ1c2VyX2lkIjoiOGNlOTM3OGQtNDM2My00ZjMwLTk2ZGQtYzBhNTExYTMzMGQzIiwiZXhwIjoxNzY5NzkzMTE4fQ.rtLjs4ggcMx8H3-qUVXcJa8d8L8l64z9uXoenyHHVMk', 'user': {'email': 'admin@instabiz.com', 'id': '8ce9378d-4363-4f30-96dd-c0a511a330d3', 'name': 'Admin (Instabiz)', 'role': 'admin'}}&quot;">backend/tests/test_pdf_communication.py:33: in auth_token
    assert "access_token" in data
E   AssertionError: assert 'access_token' in {'token': 'eyJhbGciOiJIUzI1NiIsInR5cCI6IkpXVCJ9.eyJ1c2VyX2lkIjoiOGNlOTM3OGQtNDM2My00ZjMwLTk2ZGQtYzBhNTExYTMzMGQzIiwiZXhwIjoxNzY5NzkzMTE4fQ.rtLjs4ggcMx8H3-qUVXcJa8d8L8l64z9uXoenyHHVMk', 'user': {'email': 'admin@instabiz.com', 'id': '8ce9378d-4363-4f30-96dd-c0a511a330d3', 'name': 'Admin (Instabiz)', 'role': 'admin'}}</error></testcase><testcase classname="backend.tests.test_pdf_communication.TestWhatsAppSendWithExistingData" name="test_whatsapp_send_existing_quotation" time="0.000"><error message="failed on setup with &quot;AssertionError: assert 'access_token' in {'token': 'eyJhbGciOiJIUzI1NiIsInR5cCI6IkpXVCJ9.eyJ1c2VyX2lkIjoiOGNlOTM3OGQtNDM2My00ZjMwLTk2ZGQtYzBhNTExYTMzMGQzIiwiZXhwIjoxNzY5NzkzMTE4fQ.rtLjs4ggcMx8H3-qUVXcJa8d8L8l64z9uXoenyHHVMk', 'user': {'email': 'admin@instabiz.com', 'id': '8ce9378d-4363-4f30-96dd-c0a511a330d3', 'name': 'Admin (Instabiz)', 'role': 'admin'}}&quot;">backend/tests/test_pdf_communication.py:33: in auth_token
    assert "access_token" in data
E   AssertionError: assert 'access_token' in {'token': 'eyJhbGciOiJIUzI1NiIsInR5cCI6IkpXVCJ9.eyJ1c2VyX2lkIjoiOGNlOTM3OGQtNDM2My00ZjMwLTk2ZGQtYzBhNTExYTMzMGQzIiwiZXhwIjoxNzY5NzkzMTE4fQ.rtLjs4ggcMx8H3-qUVXcJa8d8L8l64z9uXoenyHHVMk', 'user': {'email': 'admin@instabiz.com', 'id': '8ce9378d-4363-4f30-96dd-c0a511a330d3', 'name': 'Admin (Instabiz)', 'role': 'admin'}}</error></testcase></testsuite></testsuites>